{"total": {"lines":{"total":660,"covered":123,"skipped":0,"pct":18.63},"statements":{"total":670,"covered":126,"skipped":0,"pct":18.8},"functions":{"total":59,"covered":23,"skipped":0,"pct":38.98},"branches":{"total":218,"covered":58,"skipped":0,"pct":26.6},"branchesTrue":{"total":0,"covered":0,"skipped":0,"pct":100}}
,"/Users/preston.farr/GitRepos/beads-jira/bd-finish.js": {"lines":{"total":136,"covered":18,"skipped":0,"pct":13.23},"functions":{"total":8,"covered":6,"skipped":0,"pct":75},"statements":{"total":137,"covered":19,"skipped":0,"pct":13.86},"branches":{"total":43,"covered":16,"skipped":0,"pct":37.2}}
,"/Users/preston.farr/GitRepos/beads-jira/bd-start-branch.js": {"lines":{"total":78,"covered":8,"skipped":0,"pct":10.25},"functions":{"total":9,"covered":4,"skipped":0,"pct":44.44},"statements":{"total":79,"covered":9,"skipped":0,"pct":11.39},"branches":{"total":25,"covered":4,"skipped":0,"pct":16}}
,"/Users/preston.farr/GitRepos/beads-jira/run.js": {"lines":{"total":97,"covered":14,"skipped":0,"pct":14.43},"functions":{"total":3,"covered":1,"skipped":0,"pct":33.33},"statements":{"total":97,"covered":14,"skipped":0,"pct":14.43},"branches":{"total":30,"covered":2,"skipped":0,"pct":6.66}}
,"/Users/preston.farr/GitRepos/beads-jira/sync_jira_to_beads.js": {"lines":{"total":125,"covered":16,"skipped":0,"pct":12.8},"functions":{"total":18,"covered":5,"skipped":0,"pct":27.77},"statements":{"total":127,"covered":16,"skipped":0,"pct":12.59},"branches":{"total":52,"covered":16,"skipped":0,"pct":30.76}}
,"/Users/preston.farr/GitRepos/beads-jira/scripts/bitbucket-pr-defaults.js": {"lines":{"total":136,"covered":14,"skipped":0,"pct":10.29},"functions":{"total":15,"covered":2,"skipped":0,"pct":13.33},"statements":{"total":141,"covered":14,"skipped":0,"pct":9.92},"branches":{"total":38,"covered":1,"skipped":0,"pct":2.63}}
,"/Users/preston.farr/GitRepos/beads-jira/scripts/sync-pr-templates.js": {"lines":{"total":88,"covered":53,"skipped":0,"pct":60.22},"functions":{"total":6,"covered":5,"skipped":0,"pct":83.33},"statements":{"total":89,"covered":54,"skipped":0,"pct":60.67},"branches":{"total":30,"covered":19,"skipped":0,"pct":63.33}}
}
