TN:
SF:bd-finish.js
FN:12,showHelp
FN:28,parseArgs
FN:37,extractJiraKey
FN:38,(anonymous_3)
FN:41,detectPlatform
FN:59,buildPRTitle
FN:63,buildPRBody
FN:91,main
FNF:8
FNH:6
FNDA:0,showHelp
FNDA:2,parseArgs
FNDA:2,extractJiraKey
FNDA:4,(anonymous_3)
FNDA:8,detectPlatform
FNDA:2,buildPRTitle
FNDA:2,buildPRBody
FNDA:0,main
DA:10,1
DA:13,0
DA:14,0
DA:15,0
DA:16,0
DA:17,0
DA:18,0
DA:19,0
DA:20,0
DA:21,0
DA:22,0
DA:23,0
DA:24,0
DA:25,0
DA:29,2
DA:38,4
DA:42,8
DA:43,2
DA:44,6
DA:45,2
DA:46,4
DA:47,3
DA:50,1
DA:51,0
DA:52,1
DA:53,0
DA:56,1
DA:60,2
DA:64,2
DA:65,1
DA:77,1
DA:92,0
DA:93,0
DA:95,0
DA:96,0
DA:97,0
DA:100,0
DA:101,0
DA:102,0
DA:104,0
DA:108,0
DA:109,0
DA:113,0
DA:115,0
DA:116,0
DA:119,0
DA:120,0
DA:121,0
DA:124,0
DA:126,0
DA:127,0
DA:128,0
DA:129,0
DA:131,0
DA:134,0
DA:135,0
DA:136,0
DA:137,0
DA:138,0
DA:139,0
DA:140,0
DA:141,0
DA:148,0
DA:149,0
DA:151,0
DA:152,0
DA:153,0
DA:157,0
DA:161,0
DA:162,0
DA:163,0
DA:164,0
DA:167,0
DA:170,0
DA:171,0
DA:172,0
DA:175,0
DA:178,0
DA:181,0
DA:183,0
DA:184,0
DA:187,0
DA:188,0
DA:191,0
DA:193,0
DA:194,0
DA:195,0
DA:196,0
DA:197,0
DA:200,0
DA:202,0
DA:203,0
DA:204,0
DA:205,0
DA:206,0
DA:207,0
DA:209,0
DA:212,0
DA:213,0
DA:214,0
DA:215,0
DA:216,0
DA:219,0
DA:221,0
DA:222,0
DA:223,0
DA:224,0
DA:226,0
DA:230,0
DA:231,0
DA:232,0
DA:233,0
DA:234,0
DA:235,0
DA:238,0
DA:240,0
DA:241,0
DA:242,0
DA:243,0
DA:244,0
DA:246,0
DA:250,0
DA:251,0
DA:252,0
DA:253,0
DA:254,0
DA:255,0
DA:256,0
DA:259,0
DA:260,0
DA:261,0
DA:262,0
DA:263,0
DA:267,1
DA:268,0
DA:270,1
LF:136
LH:18
BRDA:33,0,0,2
BRDA:33,0,1,2
BRDA:33,0,2,1
BRDA:42,1,0,2
BRDA:42,1,1,6
BRDA:44,2,0,2
BRDA:44,2,1,4
BRDA:46,3,0,3
BRDA:46,3,1,1
BRDA:50,4,0,0
BRDA:50,4,1,1
BRDA:52,5,0,0
BRDA:52,5,1,1
BRDA:60,6,0,1
BRDA:60,6,1,1
BRDA:64,7,0,1
BRDA:64,7,1,1
BRDA:95,8,0,0
BRDA:95,8,1,0
BRDA:121,9,0,0
BRDA:121,9,1,0
BRDA:128,10,0,0
BRDA:128,10,1,0
BRDA:136,11,0,0
BRDA:136,11,1,0
BRDA:140,12,0,0
BRDA:140,12,1,0
BRDA:151,13,0,0
BRDA:151,13,1,0
BRDA:161,14,0,0
BRDA:161,14,1,0
BRDA:161,15,0,0
BRDA:161,15,1,0
BRDA:191,16,0,0
BRDA:191,16,1,0
BRDA:191,16,2,0
BRDA:191,16,3,0
BRDA:196,17,0,0
BRDA:196,17,1,0
BRDA:234,18,0,0
BRDA:234,18,1,0
BRDA:267,19,0,0
BRDA:267,19,1,1
BRF:43
BRH:16
end_of_record
TN:
SF:bd-start-branch.js
FN:13,prompt
FN:19,(anonymous_1)
FN:20,(anonymous_2)
FN:27,slugify
FN:35,extractJiraKey
FN:36,(anonymous_5)
FN:39,buildBranchName
FN:46,main
FN:149,(anonymous_8)
FNF:9
FNH:4
FNDA:0,prompt
FNDA:0,(anonymous_1)
FNDA:0,(anonymous_2)
FNDA:13,slugify
FNDA:7,extractJiraKey
FNDA:9,(anonymous_5)
FNDA:7,buildBranchName
FNDA:0,main
FNDA:0,(anonymous_8)
DA:10,1
DA:11,1
DA:14,0
DA:19,0
DA:20,0
DA:21,0
DA:22,0
DA:28,13
DA:36,9
DA:40,7
DA:41,7
DA:47,0
DA:49,0
DA:50,0
DA:51,0
DA:52,0
DA:53,0
DA:54,0
DA:55,0
DA:56,0
DA:59,0
DA:63,0
DA:64,0
DA:65,0
DA:67,0
DA:68,0
DA:71,0
DA:72,0
DA:73,0
DA:76,0
DA:79,0
DA:81,0
DA:82,0
DA:83,0
DA:84,0
DA:86,0
DA:87,0
DA:90,0
DA:91,0
DA:92,0
DA:93,0
DA:94,0
DA:95,0
DA:96,0
DA:97,0
DA:105,0
DA:106,0
DA:107,0
DA:108,0
DA:109,0
DA:110,0
DA:111,0
DA:112,0
DA:117,0
DA:118,0
DA:119,0
DA:120,0
DA:121,0
DA:122,0
DA:124,0
DA:125,0
DA:129,0
DA:130,0
DA:134,0
DA:135,0
DA:137,0
DA:138,0
DA:139,0
DA:140,0
DA:141,0
DA:142,0
DA:143,0
DA:144,0
DA:148,1
DA:149,0
DA:150,0
DA:151,0
DA:154,1
LF:78
LH:8
BRDA:27,0,0,12
BRDA:41,1,0,6
BRDA:41,1,1,1
BRDA:49,2,0,0
BRDA:49,2,1,0
BRDA:73,3,0,0
BRDA:73,3,1,0
BRDA:83,4,0,0
BRDA:83,4,1,0
BRDA:92,5,0,0
BRDA:92,5,1,0
BRDA:95,6,0,0
BRDA:95,6,1,0
BRDA:106,7,0,0
BRDA:106,7,1,0
BRDA:106,8,0,0
BRDA:106,8,1,0
BRDA:109,9,0,0
BRDA:109,9,1,0
BRDA:121,10,0,0
BRDA:121,10,1,0
BRDA:142,11,0,0
BRDA:142,11,1,0
BRDA:148,12,0,0
BRDA:148,12,1,1
BRF:25
BRH:4
end_of_record
TN:
SF:run.js
FN:32,(anonymous_0)
FN:46,showHelp
FN:75,run
FNF:3
FNH:1
FNDA:1,(anonymous_0)
FNDA:0,showHelp
FNDA:0,run
DA:13,1
DA:14,1
DA:15,1
DA:18,1
DA:29,1
DA:31,1
DA:32,1
DA:33,1
DA:34,1
DA:35,1
DA:37,0
DA:38,0
DA:39,0
DA:41,0
DA:47,0
DA:48,0
DA:49,0
DA:50,0
DA:51,0
DA:52,0
DA:53,0
DA:54,0
DA:55,0
DA:56,0
DA:57,0
DA:58,0
DA:59,0
DA:60,0
DA:61,0
DA:62,0
DA:63,0
DA:64,0
DA:65,0
DA:66,0
DA:67,0
DA:68,0
DA:69,0
DA:70,0
DA:71,0
DA:72,0
DA:76,0
DA:78,0
DA:79,0
DA:81,0
DA:83,0
DA:86,0
DA:87,0
DA:88,0
DA:89,0
DA:91,0
DA:92,0
DA:93,0
DA:97,0
DA:98,0
DA:99,0
DA:100,0
DA:102,0
DA:103,0
DA:104,0
DA:106,0
DA:108,0
DA:112,0
DA:113,0
DA:114,0
DA:115,0
DA:117,0
DA:118,0
DA:119,0
DA:120,0
DA:122,0
DA:124,0
DA:128,0
DA:129,0
DA:130,0
DA:131,0
DA:132,0
DA:135,0
DA:136,0
DA:137,0
DA:138,0
DA:139,0
DA:140,0
DA:141,0
DA:142,0
DA:144,0
DA:145,0
DA:147,0
DA:151,0
DA:152,0
DA:157,1
DA:158,1
DA:161,1
DA:162,0
DA:163,0
DA:165,0
DA:166,0
DA:169,1
LF:97
LH:14
BRDA:76,0,0,0
BRDA:76,0,1,0
BRDA:76,0,2,0
BRDA:76,0,3,0
BRDA:76,0,4,0
BRDA:76,0,5,0
BRDA:76,0,6,0
BRDA:76,0,7,0
BRDA:78,1,0,0
BRDA:78,1,1,0
BRDA:86,2,0,0
BRDA:86,2,1,0
BRDA:97,3,0,0
BRDA:97,3,1,0
BRDA:103,4,0,0
BRDA:103,4,1,0
BRDA:112,5,0,0
BRDA:112,5,1,0
BRDA:118,6,0,0
BRDA:118,6,1,0
BRDA:119,7,0,0
BRDA:119,7,1,0
BRDA:138,8,0,0
BRDA:138,8,1,0
BRDA:140,9,0,0
BRDA:140,9,1,0
BRDA:157,10,0,1
BRDA:157,10,1,0
BRDA:161,11,0,0
BRDA:161,11,1,1
BRF:30
BRH:2
end_of_record
TN:
SF:sync_jira_to_beads.js
FN:14,(anonymous_0)
FN:24,(anonymous_1)
FN:60,(anonymous_2)
FN:71,(anonymous_3)
FN:103,(anonymous_4)
FN:139,(anonymous_5)
FN:143,(anonymous_6)
FN:154,(anonymous_7)
FN:192,(anonymous_8)
FN:196,(anonymous_9)
FN:220,(anonymous_10)
FN:228,(anonymous_11)
FN:233,(anonymous_12)
FN:248,(anonymous_13)
FN:263,(anonymous_14)
FN:277,(anonymous_15)
FN:291,(anonymous_16)
FN:359,(anonymous_17)
FNF:18
FNH:5
FNDA:24,(anonymous_0)
FNDA:0,(anonymous_1)
FNDA:0,(anonymous_2)
FNDA:2,(anonymous_3)
FNDA:0,(anonymous_4)
FNDA:0,(anonymous_5)
FNDA:0,(anonymous_6)
FNDA:0,(anonymous_7)
FNDA:0,(anonymous_8)
FNDA:0,(anonymous_9)
FNDA:0,(anonymous_10)
FNDA:0,(anonymous_11)
FNDA:0,(anonymous_12)
FNDA:4,(anonymous_13)
FNDA:9,(anonymous_14)
FNDA:8,(anonymous_15)
FNDA:0,(anonymous_16)
FNDA:0,(anonymous_17)
DA:9,1
DA:10,1
DA:11,1
DA:15,24
DA:16,24
DA:17,24
DA:18,24
DA:26,0
DA:28,0
DA:29,0
DA:33,0
DA:35,0
DA:37,0
DA:40,0
DA:41,0
DA:42,0
DA:45,0
DA:46,0
DA:48,0
DA:49,0
DA:50,0
DA:51,0
DA:52,0
DA:53,0
DA:62,0
DA:63,0
DA:65,0
DA:72,2
DA:104,0
DA:106,0
DA:107,0
DA:108,0
DA:110,0
DA:111,0
DA:112,0
DA:114,0
DA:115,0
DA:116,0
DA:118,0
DA:119,0
DA:122,0
DA:123,0
DA:127,0
DA:128,0
DA:129,0
DA:130,0
DA:131,0
DA:132,0
DA:133,0
DA:140,0
DA:141,0
DA:142,0
DA:143,0
DA:144,0
DA:147,0
DA:155,0
DA:156,0
DA:157,0
DA:160,0
DA:163,0
DA:170,0
DA:176,0
DA:177,0
DA:184,0
DA:186,0
DA:194,0
DA:195,0
DA:196,0
DA:197,0
DA:200,0
DA:202,0
DA:203,0
DA:206,0
DA:207,0
DA:211,0
DA:213,0
DA:221,0
DA:227,0
DA:228,0
DA:229,0
DA:233,0
DA:234,0
DA:235,0
DA:249,4
DA:257,4
DA:264,9
DA:271,9
DA:278,8
DA:285,8
DA:292,0
DA:293,0
DA:294,0
DA:295,0
DA:296,0
DA:297,0
DA:299,0
DA:302,0
DA:303,0
DA:305,0
DA:306,0
DA:307,0
DA:311,0
DA:313,0
DA:314,0
DA:315,0
DA:319,0
DA:324,1
DA:325,0
DA:327,0
DA:328,0
DA:342,0
DA:345,0
DA:346,0
DA:348,0
DA:349,0
DA:350,0
DA:351,0
DA:352,0
DA:353,0
DA:354,0
DA:358,0
DA:359,0
DA:360,0
DA:361,0
DA:365,1
LF:125
LH:16
BRDA:14,0,0,21
BRDA:17,1,0,24
BRDA:17,1,1,23
BRDA:18,2,0,24
BRDA:18,2,1,23
BRDA:28,3,0,0
BRDA:28,3,1,0
BRDA:40,4,0,0
BRDA:40,4,1,0
BRDA:114,5,0,0
BRDA:114,5,1,0
BRDA:144,6,0,0
BRDA:144,6,1,0
BRDA:176,7,0,0
BRDA:176,7,1,0
BRDA:197,8,0,0
BRDA:197,8,1,0
BRDA:200,9,0,0
BRDA:200,9,1,0
BRDA:227,10,0,0
BRDA:227,10,1,0
BRDA:251,11,0,4
BRDA:251,11,1,1
BRDA:252,12,0,4
BRDA:252,12,1,3
BRDA:254,13,0,4
BRDA:254,13,1,1
BRDA:271,14,0,5
BRDA:271,14,1,4
BRDA:285,15,0,8
BRDA:285,15,1,3
BRDA:296,16,0,0
BRDA:296,16,1,0
BRDA:313,17,0,0
BRDA:313,17,1,0
BRDA:324,18,0,0
BRDA:324,18,1,1
BRDA:327,19,0,0
BRDA:327,19,1,0
BRDA:327,20,0,0
BRDA:327,20,1,0
BRDA:327,20,2,0
BRDA:349,21,0,0
BRDA:349,21,1,0
BRDA:349,22,0,0
BRDA:349,22,1,0
BRDA:351,23,0,0
BRDA:351,23,1,0
BRDA:351,24,0,0
BRDA:351,24,1,0
BRDA:353,25,0,0
BRDA:353,25,1,0
BRF:52
BRH:16
end_of_record
TN:
SF:scripts/bitbucket-pr-defaults.js
FN:45,apiRequest
FN:46,(anonymous_1)
FN:65,(anonymous_2)
FN:68,(anonymous_3)
FN:72,(anonymous_4)
FN:98,readTemplate
FN:112,convertTemplate
FN:123,checkEnv
FN:132,(anonymous_8)
FN:149,getCurrentDefault
FN:161,setup
FN:198,check
FN:225,showUsage
FN:257,(anonymous_13)
FN:264,(anonymous_14)
FNF:15
FNH:2
FNDA:0,apiRequest
FNDA:0,(anonymous_1)
FNDA:0,(anonymous_2)
FNDA:0,(anonymous_3)
FNDA:0,(anonymous_4)
FNDA:1,readTemplate
FNDA:1,convertTemplate
FNDA:0,checkEnv
FNDA:0,(anonymous_8)
FNDA:0,getCurrentDefault
FNDA:0,setup
FNDA:0,check
FNDA:0,showUsage
FNDA:0,(anonymous_13)
FNDA:0,(anonymous_14)
DA:29,1
DA:30,1
DA:32,1
DA:34,1
DA:37,1
DA:38,1
DA:39,1
DA:40,1
DA:46,0
DA:47,0
DA:49,0
DA:60,0
DA:61,0
DA:62,0
DA:65,0
DA:66,0
DA:68,0
DA:69,0
DA:72,0
DA:73,0
DA:74,0
DA:75,0
DA:77,0
DA:80,0
DA:85,0
DA:87,0
DA:88,0
DA:91,0
DA:99,1
DA:100,1
DA:102,0
DA:103,0
DA:104,0
DA:114,1
DA:117,1
DA:124,0
DA:125,0
DA:126,0
DA:127,0
DA:128,0
DA:130,0
DA:131,0
DA:132,0
DA:133,0
DA:134,0
DA:135,0
DA:136,0
DA:137,0
DA:138,0
DA:139,0
DA:140,0
DA:141,0
DA:142,0
DA:150,0
DA:151,0
DA:152,0
DA:154,0
DA:162,0
DA:164,0
DA:166,0
DA:167,0
DA:170,0
DA:171,0
DA:173,0
DA:174,0
DA:175,0
DA:176,0
DA:177,0
DA:179,0
DA:180,0
DA:181,0
DA:182,0
DA:183,0
DA:184,0
DA:185,0
DA:186,0
DA:187,0
DA:188,0
DA:189,0
DA:190,0
DA:192,0
DA:199,0
DA:201,0
DA:203,0
DA:204,0
DA:205,0
DA:206,0
DA:208,0
DA:209,0
DA:210,0
DA:211,0
DA:213,0
DA:214,0
DA:217,0
DA:218,0
DA:219,0
DA:226,0
DA:227,0
DA:228,0
DA:229,0
DA:230,0
DA:231,0
DA:232,0
DA:233,0
DA:234,0
DA:235,0
DA:236,0
DA:237,0
DA:238,0
DA:239,0
DA:240,0
DA:241,0
DA:242,0
DA:243,0
DA:244,0
DA:245,0
DA:246,0
DA:247,0
DA:248,0
DA:252,1
DA:253,0
DA:255,0
DA:257,0
DA:258,0
DA:259,0
DA:261,0
DA:264,0
DA:265,0
DA:266,0
DA:268,0
DA:274,0
DA:275,0
DA:278,0
DA:279,0
DA:280,0
DA:285,1
LF:136
LH:14
BRDA:45,0,0,0
BRDA:60,1,0,0
BRDA:60,1,1,0
BRDA:60,2,0,0
BRDA:60,2,1,0
BRDA:73,3,0,0
BRDA:73,3,1,0
BRDA:73,4,0,0
BRDA:73,4,1,0
BRDA:75,5,0,0
BRDA:75,5,1,0
BRDA:87,6,0,0
BRDA:87,6,1,0
BRDA:87,7,0,0
BRDA:87,7,1,0
BRDA:125,8,0,0
BRDA:125,8,1,0
BRDA:126,9,0,0
BRDA:126,9,1,0
BRDA:127,10,0,0
BRDA:127,10,1,0
BRDA:128,11,0,0
BRDA:128,11,1,0
BRDA:130,12,0,0
BRDA:130,12,1,0
BRDA:152,13,0,0
BRDA:152,13,1,0
BRDA:211,14,0,0
BRDA:211,14,1,0
BRDA:252,15,0,0
BRDA:252,15,1,1
BRDA:255,16,0,0
BRDA:255,16,1,0
BRDA:255,16,2,0
BRDA:255,16,3,0
BRDA:255,16,4,0
BRDA:255,16,5,0
BRDA:255,16,6,0
BRF:38
BRH:1
end_of_record
TN:
SF:scripts/sync-pr-templates.js
FN:24,readTemplate
FN:33,writeTemplate
FN:47,normalizeTemplate
FN:53,checkSync
FN:91,syncTemplates
FN:129,showUsage
FNF:6
FNH:5
FNDA:13,readTemplate
FNDA:1,writeTemplate
FNDA:18,normalizeTemplate
FNDA:2,checkSync
FNDA:1,syncTemplates
FNDA:0,showUsage
DA:14,1
DA:15,1
DA:17,1
DA:22,1
DA:25,13
DA:26,13
DA:28,1
DA:29,1
DA:34,1
DA:35,1
DA:36,1
DA:37,0
DA:39,1
DA:40,1
DA:42,0
DA:43,0
DA:49,18
DA:50,15
DA:54,2
DA:56,2
DA:57,2
DA:58,0
DA:59,0
DA:62,2
DA:63,2
DA:65,2
DA:66,4
DA:67,2
DA:68,2
DA:71,2
DA:72,2
DA:73,0
DA:74,0
DA:75,0
DA:78,2
DA:79,2
DA:80,2
DA:82,0
DA:83,0
DA:87,2
DA:88,2
DA:92,1
DA:94,1
DA:95,1
DA:96,0
DA:97,0
DA:100,1
DA:102,1
DA:103,1
DA:105,1
DA:106,2
DA:107,1
DA:108,1
DA:109,1
DA:112,1
DA:113,1
DA:114,1
DA:116,0
DA:117,0
DA:121,1
DA:122,1
DA:124,1
DA:125,0
DA:130,0
DA:131,0
DA:132,0
DA:133,0
DA:134,0
DA:135,0
DA:136,0
DA:137,0
DA:138,0
DA:139,0
DA:140,0
DA:141,0
DA:145,1
DA:147,1
DA:148,0
DA:149,0
DA:152,1
DA:153,0
DA:154,0
DA:155,0
DA:156,0
DA:158,0
DA:159,0
DA:162,1
DA:166,1
LF:88
LH:53
BRDA:36,0,0,0
BRDA:36,0,1,1
BRDA:49,1,0,3
BRDA:49,1,1,15
BRDA:57,2,0,0
BRDA:57,2,1,2
BRDA:66,3,0,2
BRDA:66,3,1,2
BRDA:72,4,0,0
BRDA:72,4,1,2
BRDA:79,5,0,2
BRDA:79,5,1,0
BRDA:95,6,0,0
BRDA:95,6,1,1
BRDA:106,7,0,1
BRDA:106,7,1,1
BRDA:112,8,0,1
BRDA:112,8,1,0
BRDA:124,9,0,0
BRDA:124,9,1,1
BRDA:147,10,0,0
BRDA:147,10,1,1
BRDA:147,11,0,1
BRDA:147,11,1,1
BRDA:152,12,0,0
BRDA:152,12,1,1
BRDA:152,13,0,1
BRDA:152,13,1,1
BRDA:154,14,0,0
BRDA:154,14,1,0
BRF:30
BRH:19
end_of_record
